Determining if the pthread_create exist failed with the following output:
Change Dir: /works/alert_code/build/CMakeFiles/CMakeTmp

Run Build Command:"/usr/bin/make" "cmTC_a392f/fast"
/usr/bin/make -f CMakeFiles/cmTC_a392f.dir/build.make CMakeFiles/cmTC_a392f.dir/build
make[1]: Entering directory '/works/alert_code/build/CMakeFiles/CMakeTmp'
Building C object CMakeFiles/cmTC_a392f.dir/CheckSymbolExists.c.o
/usr/bin/gcc-7   -fPIC    -o CMakeFiles/cmTC_a392f.dir/CheckSymbolExists.c.o   -c /works/alert_code/build/CMakeFiles/CMakeTmp/CheckSymbolExists.c
Linking C executable cmTC_a392f
/usr/bin/cmake -E cmake_link_script CMakeFiles/cmTC_a392f.dir/link.txt --verbose=1
/usr/bin/gcc-7 -fPIC     CMakeFiles/cmTC_a392f.dir/CheckSymbolExists.c.o  -o cmTC_a392f 
CMakeFiles/cmTC_a392f.dir/CheckSymbolExists.c.o: In function `main':
CheckSymbolExists.c:(.text+0x14): undefined reference to `pthread_create'
CheckSymbolExists.c:(.text+0x18): undefined reference to `pthread_create'
collect2: error: ld returned 1 exit status
CMakeFiles/cmTC_a392f.dir/build.make:97: recipe for target 'cmTC_a392f' failed
make[1]: *** [cmTC_a392f] Error 1
make[1]: Leaving directory '/works/alert_code/build/CMakeFiles/CMakeTmp'
Makefile:126: recipe for target 'cmTC_a392f/fast' failed
make: *** [cmTC_a392f/fast] Error 2

File /works/alert_code/build/CMakeFiles/CMakeTmp/CheckSymbolExists.c:
/* */
#include <pthread.h>

int main(int argc, char** argv)
{
  (void)argv;
#ifndef pthread_create
  return ((int*)(&pthread_create))[argc];
#else
  (void)argc;
  return 0;
#endif
}

Determining if the function pthread_create exists in the pthreads failed with the following output:
Change Dir: /works/alert_code/build/CMakeFiles/CMakeTmp

Run Build Command:"/usr/bin/make" "cmTC_c3818/fast"
/usr/bin/make -f CMakeFiles/cmTC_c3818.dir/build.make CMakeFiles/cmTC_c3818.dir/build
make[1]: Entering directory '/works/alert_code/build/CMakeFiles/CMakeTmp'
Building C object CMakeFiles/cmTC_c3818.dir/CheckFunctionExists.c.o
/usr/bin/gcc-7   -fPIC -DCHECK_FUNCTION_EXISTS=pthread_create   -o CMakeFiles/cmTC_c3818.dir/CheckFunctionExists.c.o   -c /usr/share/cmake-3.10/Modules/CheckFunctionExists.c
Linking C executable cmTC_c3818
/usr/bin/cmake -E cmake_link_script CMakeFiles/cmTC_c3818.dir/link.txt --verbose=1
/usr/bin/gcc-7 -fPIC -DCHECK_FUNCTION_EXISTS=pthread_create    CMakeFiles/cmTC_c3818.dir/CheckFunctionExists.c.o  -o cmTC_c3818 -lpthreads 
/usr/bin/ld: cannot find -lpthreads
collect2: error: ld returned 1 exit status
CMakeFiles/cmTC_c3818.dir/build.make:97: recipe for target 'cmTC_c3818' failed
make[1]: *** [cmTC_c3818] Error 1
make[1]: Leaving directory '/works/alert_code/build/CMakeFiles/CMakeTmp'
Makefile:126: recipe for target 'cmTC_c3818/fast' failed
make: *** [cmTC_c3818/fast] Error 2


